c:\cppprimerexcise\c++上机整合\c++上机整合\debug\vc140.pdb
c:\cppprimerexcise\c++上机整合\c++上机整合\debug\vc140.idb
c:\cppprimerexcise\c++上机整合\c++上机整合\debug\oostk.nativecodeanalysis.xml
c:\cppprimerexcise\c++上机整合\c++上机整合\debug\postk.nativecodeanalysis.xml
c:\cppprimerexcise\c++上机整合\c++上机整合\debug\que2s.nativecodeanalysis.xml
c:\cppprimerexcise\c++上机整合\c++上机整合\debug\queis.nativecodeanalysis.xml
c:\cppprimerexcise\c++上机整合\c++上机整合\debug\stack.nativecodeanalysis.xml
c:\cppprimerexcise\c++上机整合\c++上机整合\debug\main.nativecodeanalysis.xml
c:\cppprimerexcise\c++上机整合\c++上机整合\debug\main.obj
c:\cppprimerexcise\c++上机整合\c++上机整合\debug\stack.obj
c:\cppprimerexcise\c++上机整合\c++上机整合\debug\queis.obj
c:\cppprimerexcise\c++上机整合\c++上机整合\debug\que2s.obj
c:\cppprimerexcise\c++上机整合\c++上机整合\debug\postk.obj
c:\cppprimerexcise\c++上机整合\c++上机整合\debug\oostk.obj
c:\cppprimerexcise\c++上机整合\debug\c++上机整合.ilk
c:\cppprimerexcise\c++上机整合\debug\c++上机整合.exe
c:\cppprimerexcise\c++上机整合\debug\c++上机整合.pdb
c:\cppprimerexcise\c++上机整合\c++上机整合\debug\nativecodeanalysis.read.1.tlog
c:\cppprimerexcise\c++上机整合\c++上机整合\debug\vc.nativecodeanalysis.all.xml
c:\cppprimerexcise\c++上机整合\debug\c++上机整合.exe.lastcodeanalysissucceeded
c:\cppprimerexcise\c++上机整合\c++上机整合\debug\c++上机整合.tlog\cl.command.1.tlog
c:\cppprimerexcise\c++上机整合\c++上机整合\debug\c++上机整合.tlog\cl.read.1.tlog
c:\cppprimerexcise\c++上机整合\c++上机整合\debug\c++上机整合.tlog\cl.write.1.tlog
c:\cppprimerexcise\c++上机整合\c++上机整合\debug\c++上机整合.tlog\link.command.1.tlog
c:\cppprimerexcise\c++上机整合\c++上机整合\debug\c++上机整合.tlog\link.read.1.tlog
c:\cppprimerexcise\c++上机整合\c++上机整合\debug\c++上机整合.tlog\link.write.1.tlog
